<?xml version="1.0" encoding="UTF-8"?>
<!-- Generated by org.testng.reporters.JUnitReportReporter -->
<testsuite hostname="DESKTOP-PTEQ8SL" failures="0" tests="2" name="Practice.TestNG_DataProvider_ByExcel" time="0.138" errors="0" timestamp="2023-11-30T11:39:41 IST" skipped="0">
  <testcase classname="Practice.TestNG_DataProvider_ByExcel" name="bookTickets" time="0.048"/>
  <testcase classname="Practice.TestNG_DataProvider_ByExcel" name="bookTickets" time="0.090"/>
</testsuite> <!-- Practice.TestNG_DataProvider_ByExcel -->
