<?xml version="1.0" encoding="UTF-8"?>
<!-- Generated by org.testng.reporters.JUnitReportReporter -->
<testsuite hostname="DESKTOP-PTEQ8SL" failures="0" tests="3" name="Practice.TestNG_Enabled_True_False" time="0.032" errors="0" timestamp="2023-11-28T15:08:04 IST" skipped="1">
  <testcase classname="Practice.TestNG_Enabled_True_False" name="deleteProduct" time="0.005"/>
  <testcase classname="Practice.TestNG_Enabled_True_False" name="createProduct" time="0.027"/>
  <testcase classname="Practice.TestNG_Enabled_True_False" name="modifyProduct">
    <skipped/>
  </testcase> <!-- modifyProduct -->
</testsuite> <!-- Practice.TestNG_Enabled_True_False -->
