<?xml version="1.0" encoding="UTF-8"?>
<!-- Generated by org.testng.reporters.JUnitReportReporter -->
<testsuite hostname="DESKTOP-PTEQ8SL" failures="0" tests="1" name="Practice.SampleTest1_Gird_Crossbrowser" time="82.418" errors="0" timestamp="2023-12-04T14:45:15 IST" skipped="0">
  <testcase classname="Practice.SampleTest1_Gird_Crossbrowser" name="m1Test" time="82.418"/>
</testsuite> <!-- Practice.SampleTest1_Gird_Crossbrowser -->
