<?xml version="1.0" encoding="UTF-8"?>
<!-- Generated by org.testng.reporters.JUnitReportReporter -->
<testsuite hostname="DESKTOP-PTEQ8SL" failures="0" tests="1" name="Practice.SelenuimGridScript" time="128.975" errors="0" timestamp="2023-12-02T16:01:33 IST" skipped="0">
  <testcase classname="Practice.SelenuimGridScript" name="m1Test" time="128.975"/>
</testsuite> <!-- Practice.SelenuimGridScript -->
