<?xml version="1.0" encoding="UTF-8"?>
<!-- Generated by org.testng.reporters.JUnitReportReporter -->
<testsuite hostname="DESKTOP-PTEQ8SL" failures="0" tests="5" name="Practice.TestNG_InvocationCount" time="0.045" errors="0" timestamp="2023-11-28T14:50:08 IST" skipped="0">
  <testcase classname="Practice.TestNG_InvocationCount" name="deleteProduct" time="0.008"/>
  <testcase classname="Practice.TestNG_InvocationCount" name="modifyProduct" time="0.004"/>
  <testcase classname="Practice.TestNG_InvocationCount" name="createProduct" time="0.023"/>
  <testcase classname="Practice.TestNG_InvocationCount" name="modifyProduct" time="0.003"/>
  <testcase classname="Practice.TestNG_InvocationCount" name="modifyProduct" time="0.007"/>
</testsuite> <!-- Practice.TestNG_InvocationCount -->
