<?xml version="1.0" encoding="UTF-8"?>
<!-- Generated by org.testng.reporters.JUnitReportReporter -->
<testsuite hostname="DESKTOP-PTEQ8SL" failures="0" tests="1" name="Campign.Create_CampaignWithProduct" time="93.968" errors="0" timestamp="2023-12-01T15:49:27 IST" skipped="0">
  <testcase classname="Campign.Create_CampaignWithProduct" name="CCreate_CampaignWithProductTest" time="93.968"/>
</testsuite> <!-- Campign.Create_CampaignWithProduct -->
