<?xml version="1.0" encoding="UTF-8"?>
<!-- Generated by org.testng.reporters.JUnitReportReporter -->
<testsuite hostname="DESKTOP-PTEQ8SL" failures="0" tests="1" name="Organization.Create_Organization" time="290.763" errors="0" timestamp="2023-12-08T17:59:37 IST" skipped="0">
  <testcase classname="Organization.Create_Organization" name="Create_OrganizationTest" time="290.763">
    <system-out>
      <![CDATA[Organization is Created in Organization page Succefully]]>
    </system-out>
  </testcase> <!-- Create_OrganizationTest -->
  <system-out>
    <![CDATA[Organization is Created in Organization page Succefully]]>
  </system-out>
</testsuite> <!-- Organization.Create_Organization -->
