<?xml version="1.0" encoding="UTF-8"?>
<!-- Generated by org.testng.reporters.JUnitReportReporter -->
<testsuite hostname="DESKTOP-PTEQ8SL" failures="0" tests="1" name="Practice.HardAssert" time="0.022" errors="0" timestamp="2023-12-08T12:34:50 IST" skipped="0">
  <testcase classname="Practice.HardAssert" name="aTest" time="0.022"/>
</testsuite> <!-- Practice.HardAssert -->
