<?xml version="1.0" encoding="UTF-8"?>
<!-- Generated by org.testng.reporters.JUnitReportReporter -->
<testsuite hostname="DESKTOP-PTEQ8SL" failures="0" tests="2" name="Practice.TestNG_DataProvider" time="0.110" errors="0" timestamp="2023-11-30T13:34:42 IST" skipped="0">
  <testcase classname="Practice.TestNG_DataProvider" name="bookTickets" time="0.094"/>
  <testcase classname="Practice.TestNG_DataProvider" name="bookTickets" time="0.016"/>
</testsuite> <!-- Practice.TestNG_DataProvider -->
