<?xml version="1.0" encoding="UTF-8"?>
<!-- Generated by org.testng.reporters.JUnitReportReporter -->
<testsuite hostname="DESKTOP-PTEQ8SL" failures="0" tests="1" name="Practice.SampleTest2_Gird_Crossbrowser" time="49.853" errors="0" timestamp="2023-12-04T14:45:15 IST" skipped="0">
  <testcase classname="Practice.SampleTest2_Gird_Crossbrowser" name="m2Test" time="49.853"/>
</testsuite> <!-- Practice.SampleTest2_Gird_Crossbrowser -->
