<?xml version="1.0" encoding="UTF-8"?>
<!-- Generated by org.testng.reporters.JUnitReportReporter -->
<testsuite hostname="DESKTOP-PTEQ8SL" failures="0" tests="3" name="Practice.TestNG" time="0.022" errors="0" timestamp="2023-11-28T14:39:39 IST" skipped="0">
  <testcase classname="Practice.TestNG" name="createProduct" time="0.015"/>
  <testcase classname="Practice.TestNG" name="modifyProduct" time="0.003"/>
  <testcase classname="Practice.TestNG" name="deleteProduct" time="0.004"/>
</testsuite> <!-- Practice.TestNG -->
